# JRE version: Java(TM) SE Runtime Environment (17.0.11+7) (build 17.0.11+7-LTS-207)
# Java VM: Java HotSpot(TM) 64-Bit Server VM (17.0.11+7-LTS-207, mixed mode, sharing, tiered, compressed oops, compressed class ptrs, g1 gc, windows-amd64)
GC Precious Log:
 CPUs: 4 total, 4 available
 Memory: 8067M
 Large Page Support: Disabled
 NUMA Support: Disabled
 Compressed Oops: Enabled (32-bit)
 Heap Region Size: 1M
 Heap Min Capacity: 8M
 Heap Initial Capacity: 128M
 Heap Max Capacity: 2018M
 Pre-touch: Disabled
 Parallel Workers: 4
 Concurrent Workers: 1
 Concurrent Refinement Workers: 4
 Periodic GC: Disabled
Heap:
 garbage-first heap   total 99328K, used 38302K [0x0000000081e00000, 0x0000000100000000)
  region size 1024K, 11 young (11264K), 5 survivors (5120K)
 Metaspace       used 75032K, committed 78272K, reserved 1179648K
  class space    used 8557K, committed 9344K, reserved 1048576K
GC Heap History (20 events):
Event: 53150.077 GC heap before
{Heap before GC invocations=251 (full 52):
 garbage-first heap   total 99328K, used 51810K [0x0000000081e00000, 0x0000000100000000)
  region size 1024K, 19 young (19456K), 4 survivors (4096K)
 Metaspace       used 75744K, committed 76928K, reserved 1179648K
  class space    used 8621K, committed 9216K, reserved 1048576K
}
Event: 53150.171 GC heap after
{Heap after GC invocations=252 (full 53):
 garbage-first heap   total 99328K, used 30517K [0x0000000081e00000, 0x0000000100000000)
  region size 1024K, 0 young (0K), 0 survivors (0K)
 Metaspace       used 75700K, committed 76928K, reserved 1179648K
  class space    used 8614K, committed 9216K, reserved 1048576K
}
Event: 53150.974 GC heap before
{Heap before GC invocations=252 (full 53):
 garbage-first heap   total 99328K, used 74549K [0x0000000081e00000, 0x0000000100000000)
  region size 1024K, 44 young (45056K), 0 survivors (0K)
 Metaspace       used 75924K, committed 77120K, reserved 1179648K
  class space    used 8622K, committed 9216K, reserved 1048576K
}
Event: 53150.984 GC heap after
{Heap after GC invocations=253 (full 53):
 garbage-first heap   total 99328K, used 35152K [0x0000000081e00000, 0x0000000100000000)
  region size 1024K, 5 young (5120K), 5 survivors (5120K)
 Metaspace       used 75924K, committed 77120K, reserved 1179648K
  class space    used 8622K, committed 9216K, reserved 1048576K
}
Event: 53155.458 GC heap before
{Heap before GC invocations=253 (full 53):
 garbage-first heap   total 99328K, used 77136K [0x0000000081e00000, 0x0000000100000000)
  region size 1024K, 44 young (45056K), 5 survivors (5120K)
 Metaspace       used 76309K, committed 77568K, reserved 1179648K
  class space    used 8658K, committed 9280K, reserved 1048576K
}
Event: 53155.464 GC heap after
{Heap after GC invocations=254 (full 53):
 garbage-first heap   total 99328K, used 37341K [0x0000000081e00000, 0x0000000100000000)
  region size 1024K, 4 young (4096K), 4 survivors (4096K)
 Metaspace       used 76309K, committed 77568K, reserved 1179648K
  class space    used 8658K, committed 9280K, reserved 1048576K
}
Event: 53240.605 GC heap before
{Heap before GC invocations=254 (full 53):
 garbage-first heap   total 99328K, used 61917K [0x0000000081e00000, 0x0000000100000000)
  region size 1024K, 29 young (29696K), 4 survivors (4096K)
 Metaspace       used 76341K, committed 77568K, reserved 1179648K
  class space    used 8662K, committed 9280K, reserved 1048576K
}
Event: 53240.688 GC heap after
{Heap after GC invocations=255 (full 54):
 garbage-first heap   total 99328K, used 30735K [0x0000000081e00000, 0x0000000100000000)
  region size 1024K, 0 young (0K), 0 survivors (0K)
 Metaspace       used 76338K, committed 77568K, reserved 1179648K
  class space    used 8662K, committed 9280K, reserved 1048576K
}
Event: 53241.295 GC heap before
{Heap before GC invocations=255 (full 54):
 garbage-first heap   total 99328K, used 74767K [0x0000000081e00000, 0x0000000100000000)
  region size 1024K, 44 young (45056K), 0 survivors (0K)
 Metaspace       used 76553K, committed 77760K, reserved 1179648K
  class space    used 8670K, committed 9280K, reserved 1048576K
}
Event: 53241.302 GC heap after
{Heap after GC invocations=256 (full 54):
 garbage-first heap   total 99328K, used 35479K [0x0000000081e00000, 0x0000000100000000)
  region size 1024K, 5 young (5120K), 5 survivors (5120K)
 Metaspace       used 76553K, committed 77760K, reserved 1179648K
  class space    used 8670K, committed 9280K, reserved 1048576K
}
Event: 53253.477 GC heap before
{Heap before GC invocations=256 (full 54):
 garbage-first heap   total 99328K, used 78487K [0x0000000081e00000, 0x0000000100000000)
  region size 1024K, 45 young (46080K), 5 survivors (5120K)
 Metaspace       used 76937K, committed 78208K, reserved 1179648K
  class space    used 8705K, committed 9344K, reserved 1048576K
}
Event: 53253.485 GC heap after
{Heap after GC invocations=257 (full 54):
 garbage-first heap   total 119808K, used 37594K [0x0000000081e00000, 0x0000000100000000)
  region size 1024K, 4 young (4096K), 4 survivors (4096K)
 Metaspace       used 76937K, committed 78208K, reserved 1179648K
  class space    used 8705K, committed 9344K, reserved 1048576K
}
Event: 53286.527 GC heap before
{Heap before GC invocations=257 (full 54):
 garbage-first heap   total 119808K, used 92890K [0x0000000081e00000, 0x0000000100000000)
  region size 1024K, 56 young (57344K), 4 survivors (4096K)
 Metaspace       used 76990K, committed 78208K, reserved 1179648K
  class space    used 8712K, committed 9344K, reserved 1048576K
}
Event: 53286.531 GC heap after
{Heap after GC invocations=258 (full 54):
 garbage-first heap   total 119808K, used 39321K [0x0000000081e00000, 0x0000000100000000)
  region size 1024K, 5 young (5120K), 5 survivors (5120K)
 Metaspace       used 76990K, committed 78208K, reserved 1179648K
  class space    used 8712K, committed 9344K, reserved 1048576K
}
Event: 53599.214 GC heap before
{Heap before GC invocations=258 (full 54):
 garbage-first heap   total 119808K, used 88473K [0x0000000081e00000, 0x0000000100000000)
  region size 1024K, 54 young (55296K), 5 survivors (5120K)
 Metaspace       used 77006K, committed 78272K, reserved 1179648K
  class space    used 8712K, committed 9344K, reserved 1048576K
}
Event: 53600.051 GC heap after
{Heap after GC invocations=259 (full 55):
 garbage-first heap   total 106496K, used 30435K [0x0000000081e00000, 0x0000000100000000)
  region size 1024K, 0 young (0K), 0 survivors (0K)
 Metaspace       used 74612K, committed 78272K, reserved 1179648K
  class space    used 8540K, committed 9344K, reserved 1048576K
}
Event: 53607.704 GC heap before
{Heap before GC invocations=259 (full 55):
 garbage-first heap   total 106496K, used 78563K [0x0000000081e00000, 0x0000000100000000)
  region size 1024K, 49 young (50176K), 0 survivors (0K)
 Metaspace       used 74733K, committed 78272K, reserved 1179648K
  class space    used 8545K, committed 9344K, reserved 1048576K
}
Event: 53607.820 GC heap after
{Heap after GC invocations=260 (full 56):
 garbage-first heap   total 99328K, used 28259K [0x0000000081e00000, 0x0000000100000000)
  region size 1024K, 0 young (0K), 0 survivors (0K)
 Metaspace       used 74730K, committed 78272K, reserved 1179648K
  class space    used 8545K, committed 9344K, reserved 1048576K
}
Event: 53609.770 GC heap before
{Heap before GC invocations=260 (full 56):
 garbage-first heap   total 99328K, used 74339K [0x0000000081e00000, 0x0000000100000000)
  region size 1024K, 46 young (47104K), 0 survivors (0K)
 Metaspace       used 74950K, committed 78272K, reserved 1179648K
  class space    used 8554K, committed 9344K, reserved 1048576K
}
Event: 53609.781 GC heap after
{Heap after GC invocations=261 (full 56):
 garbage-first heap   total 99328K, used 33182K [0x0000000081e00000, 0x0000000100000000)
  region size 1024K, 5 young (5120K), 5 survivors (5120K)
 Metaspace       used 74950K, committed 78272K, reserved 1179648K
  class space    used 8554K, committed 9344K, reserved 1048576K
}

